2025-08-01 01:40:36,118 - INFO - 数据库初始化完成
2025-08-01 01:40:36,124 - INFO - Adding job tentatively -- it will be properly scheduled when the scheduler starts
2025-08-01 01:40:36,124 - INFO - 定时任务调度器已配置
2025-08-01 01:40:36,323 - INFO - Added job "月度量化分析" to job store "default"
2025-08-01 01:40:36,324 - INFO - Scheduler started
2025-08-01 01:40:36,331 - INFO - 量化交易管理软件已启动
2025-08-01 01:40:54,760 - INFO - Scheduler has been shut down
2025-08-01 01:40:54,761 - INFO - 应用程序正常关闭
2025-08-01 02:06:02,355 - INFO - 数据库初始化完成
2025-08-01 02:06:02,361 - INFO - Adding job tentatively -- it will be properly scheduled when the scheduler starts
2025-08-01 02:06:02,361 - INFO - 定时任务调度器已配置
2025-08-01 02:06:02,541 - INFO - Added job "月度量化分析" to job store "default"
2025-08-01 02:06:02,541 - INFO - Scheduler started
2025-08-01 02:06:02,541 - INFO - 量化交易管理软件已启动
2025-08-01 02:22:33,713 - INFO - Scheduler has been shut down
2025-08-01 02:22:33,714 - INFO - 应用程序正常关闭
2025-08-01 02:22:40,617 - INFO - 数据库初始化完成
2025-08-01 02:22:40,621 - INFO - Adding job tentatively -- it will be properly scheduled when the scheduler starts
2025-08-01 02:22:40,621 - INFO - 定时任务调度器已配置
2025-08-01 02:22:40,792 - INFO - Added job "月度量化分析" to job store "default"
2025-08-01 02:22:40,792 - INFO - Scheduler started
2025-08-01 02:22:40,792 - INFO - 量化交易管理软件已启动
2025-08-01 02:23:09,622 - INFO - Scheduler has been shut down
2025-08-01 02:23:09,622 - INFO - 应用程序正常关闭
2025-08-01 02:28:36,602 - INFO - 数据库初始化完成
2025-08-01 02:28:36,602 - INFO - Adding job tentatively -- it will be properly scheduled when the scheduler starts
2025-08-01 02:28:36,602 - INFO - 定时任务调度器已配置
2025-08-01 02:28:36,908 - INFO - Added job "月度量化分析" to job store "default"
2025-08-01 02:28:36,908 - INFO - Scheduler started
2025-08-01 02:28:36,908 - INFO - 量化交易管理软件已启动
2025-08-01 02:28:40,557 - INFO - Scheduler has been shut down
2025-08-01 02:28:40,557 - INFO - 应用程序正常关闭
2025-08-01 02:29:14,086 - INFO - 数据库初始化完成
2025-08-01 02:29:14,098 - INFO - Adding job tentatively -- it will be properly scheduled when the scheduler starts
2025-08-01 02:29:14,098 - INFO - 定时任务调度器已配置
2025-08-01 02:29:14,245 - INFO - Added job "月度量化分析" to job store "default"
2025-08-01 02:29:14,245 - INFO - Scheduler started
2025-08-01 02:29:14,245 - INFO - 量化交易管理软件已启动
2025-08-01 02:29:19,073 - INFO - Scheduler has been shut down
2025-08-01 02:29:19,074 - INFO - 应用程序正常关闭
2025-08-01 02:31:04,896 - INFO - 数据库初始化完成
2025-08-01 02:31:04,903 - INFO - Adding job tentatively -- it will be properly scheduled when the scheduler starts
2025-08-01 02:31:04,903 - INFO - 定时任务调度器已配置
2025-08-01 02:31:04,927 - INFO - Added job "月度量化分析" to job store "default"
2025-08-01 02:31:04,927 - INFO - Scheduler started
2025-08-01 02:31:04,927 - INFO - 量化交易管理软件已启动
2025-08-01 03:00:52,230 - INFO - Scheduler has been shut down
2025-08-01 03:00:52,232 - INFO - 应用程序正常关闭
2025-08-01 03:01:08,617 - INFO - 数据库初始化完成
2025-08-01 03:01:08,623 - INFO - Adding job tentatively -- it will be properly scheduled when the scheduler starts
2025-08-01 03:01:08,623 - INFO - 定时任务调度器已配置
2025-08-01 03:01:08,716 - INFO - Added job "月度量化分析" to job store "default"
2025-08-01 03:01:08,716 - INFO - Scheduler started
2025-08-01 03:01:08,716 - INFO - 量化交易管理软件已启动
2025-08-01 03:01:11,269 - INFO - Scheduler has been shut down
2025-08-01 03:01:11,270 - INFO - 应用程序正常关闭
2025-08-01 03:02:25,379 - INFO - 数据库初始化完成
2025-08-01 03:02:25,391 - INFO - Adding job tentatively -- it will be properly scheduled when the scheduler starts
2025-08-01 03:02:25,391 - INFO - 定时任务调度器已配置
2025-08-01 03:02:25,494 - INFO - Added job "月度量化分析" to job store "default"
2025-08-01 03:02:25,494 - INFO - Scheduler started
2025-08-01 03:02:25,494 - INFO - 量化交易管理软件已启动
2025-08-01 03:14:55,222 - INFO - 数据库初始化完成
2025-08-01 03:14:55,229 - INFO - Adding job tentatively -- it will be properly scheduled when the scheduler starts
2025-08-01 03:14:55,229 - INFO - 定时任务调度器已配置
2025-08-01 03:14:55,289 - INFO - Added job "月度量化分析" to job store "default"
2025-08-01 03:14:55,289 - INFO - Scheduler started
2025-08-01 03:14:55,290 - INFO - 量化交易管理软件已启动
2025-08-01 03:17:57,560 - INFO - 数据库初始化完成
2025-08-01 03:17:57,565 - INFO - Adding job tentatively -- it will be properly scheduled when the scheduler starts
2025-08-01 03:17:57,565 - INFO - 定时任务调度器已配置
2025-08-01 03:17:57,624 - INFO - Added job "月度量化分析" to job store "default"
2025-08-01 03:17:57,624 - INFO - Scheduler started
2025-08-01 03:17:57,625 - INFO - 量化交易管理软件已启动
2025-08-01 03:21:38,684 - INFO - 数据库初始化完成
2025-08-01 03:21:38,688 - INFO - Adding job tentatively -- it will be properly scheduled when the scheduler starts
2025-08-01 03:21:38,689 - INFO - 定时任务调度器已配置
2025-08-01 03:21:38,741 - INFO - Added job "月度量化分析" to job store "default"
2025-08-01 03:21:38,741 - INFO - Scheduler started
2025-08-01 03:21:38,742 - INFO - 量化交易管理软件已启动
2025-08-01 03:21:46,830 - INFO - 状态更新: 用户取消了文件选择
2025-08-01 03:21:56,330 - INFO - 状态更新: 用户取消了文件选择
2025-08-01 03:24:39,888 - INFO - 数据库初始化完成
2025-08-01 03:24:39,893 - INFO - Adding job tentatively -- it will be properly scheduled when the scheduler starts
2025-08-01 03:24:39,893 - INFO - 定时任务调度器已配置
2025-08-01 03:24:40,017 - INFO - Added job "月度量化分析" to job store "default"
2025-08-01 03:24:40,017 - INFO - Scheduler started
2025-08-01 03:24:40,018 - INFO - 量化交易管理软件已启动
2025-08-01 03:27:54,890 - INFO - 数据库初始化完成
2025-08-01 03:27:54,895 - INFO - Adding job tentatively -- it will be properly scheduled when the scheduler starts
2025-08-01 03:27:54,895 - INFO - 定时任务调度器已配置
2025-08-01 03:27:55,033 - INFO - Added job "月度量化分析" to job store "default"
2025-08-01 03:27:55,033 - INFO - Scheduler started
2025-08-01 03:27:55,034 - INFO - 量化交易管理软件已启动
2025-08-01 03:28:04,982 - INFO - Scheduler has been shut down
2025-08-01 03:28:04,982 - INFO - 应用程序正常关闭
2025-08-01 03:28:10,616 - INFO - Scheduler has been shut down
2025-08-01 03:28:10,618 - INFO - 应用程序正常关闭
2025-08-01 03:28:11,749 - INFO - Scheduler has been shut down
2025-08-01 03:28:11,751 - INFO - 应用程序正常关闭
2025-08-01 03:28:12,920 - INFO - Scheduler has been shut down
2025-08-01 03:28:12,921 - INFO - 应用程序正常关闭
2025-08-01 03:28:14,291 - INFO - Scheduler has been shut down
2025-08-01 03:28:14,294 - INFO - 应用程序正常关闭
2025-08-01 03:28:15,342 - INFO - Scheduler has been shut down
2025-08-01 03:28:15,342 - INFO - 应用程序正常关闭
2025-08-01 03:30:14,298 - INFO - 数据库初始化完成
2025-08-01 03:30:14,303 - INFO - Adding job tentatively -- it will be properly scheduled when the scheduler starts
2025-08-01 03:30:14,303 - INFO - 定时任务调度器已配置
2025-08-01 03:30:14,448 - INFO - Added job "月度量化分析" to job store "default"
2025-08-01 03:30:14,448 - INFO - Scheduler started
2025-08-01 03:30:14,449 - INFO - 量化交易管理软件已启动
2025-08-01 03:30:23,049 - INFO - Scheduler has been shut down
2025-08-01 03:30:23,051 - INFO - 应用程序正常关闭
2025-08-01 03:35:54,530 - INFO - 数据库初始化完成
2025-08-01 03:35:54,537 - INFO - Adding job tentatively -- it will be properly scheduled when the scheduler starts
2025-08-01 03:35:54,537 - INFO - 定时任务调度器已配置
2025-08-01 03:35:54,652 - INFO - Added job "月度量化分析" to job store "default"
2025-08-01 03:35:54,652 - INFO - Scheduler started
2025-08-01 03:35:54,654 - INFO - 量化交易管理软件已启动
2025-08-01 03:36:21,709 - INFO - Scheduler has been shut down
2025-08-01 03:36:21,710 - INFO - 应用程序正常关闭
2025-08-01 03:37:40,086 - INFO - 数据库初始化完成
2025-08-01 03:37:40,101 - INFO - Adding job tentatively -- it will be properly scheduled when the scheduler starts
2025-08-01 03:37:40,102 - INFO - 定时任务调度器已配置
2025-08-01 03:37:40,189 - INFO - Added job "月度量化分析" to job store "default"
2025-08-01 03:37:40,189 - INFO - Scheduler started
2025-08-01 03:37:40,191 - INFO - 量化交易管理软件已启动
2025-08-01 03:37:49,028 - INFO - Scheduler has been shut down
2025-08-01 03:37:49,029 - INFO - 应用程序正常关闭
2025-08-01 03:39:44,197 - INFO - 数据库初始化完成
2025-08-01 03:39:44,209 - INFO - Adding job tentatively -- it will be properly scheduled when the scheduler starts
2025-08-01 03:39:44,210 - INFO - 定时任务调度器已配置
2025-08-01 03:39:44,267 - INFO - Added job "月度量化分析" to job store "default"
2025-08-01 03:39:44,268 - INFO - Scheduler started
2025-08-01 03:39:44,268 - INFO - 量化交易管理软件已启动
2025-08-01 03:39:51,068 - INFO - Scheduler has been shut down
2025-08-01 03:39:51,068 - INFO - 应用程序正常关闭
2025-08-01 03:40:40,798 - INFO - 数据库初始化完成
2025-08-01 03:40:40,809 - INFO - Adding job tentatively -- it will be properly scheduled when the scheduler starts
2025-08-01 03:40:40,809 - INFO - 定时任务调度器已配置
2025-08-01 03:40:40,873 - INFO - Added job "月度量化分析" to job store "default"
2025-08-01 03:40:40,873 - INFO - Scheduler started
2025-08-01 03:40:40,873 - INFO - 量化交易管理软件已启动
2025-08-01 03:40:59,039 - INFO - Scheduler has been shut down
2025-08-01 03:40:59,040 - INFO - 应用程序正常关闭
2025-08-01 03:42:38,900 - INFO - 数据库初始化完成
2025-08-01 03:42:38,906 - INFO - Adding job tentatively -- it will be properly scheduled when the scheduler starts
2025-08-01 03:42:38,906 - INFO - 定时任务调度器已配置
2025-08-01 03:42:39,015 - INFO - Added job "月度量化分析" to job store "default"
2025-08-01 03:42:39,016 - INFO - Scheduler started
2025-08-01 03:42:39,016 - INFO - 量化交易管理软件已启动
2025-08-01 03:45:25,668 - INFO - 数据库初始化完成
2025-08-01 03:45:25,674 - INFO - Adding job tentatively -- it will be properly scheduled when the scheduler starts
2025-08-01 03:45:25,674 - INFO - 定时任务调度器已配置
2025-08-01 03:45:25,779 - INFO - Added job "月度量化分析" to job store "default"
2025-08-01 03:45:25,779 - INFO - Scheduler started
2025-08-01 03:45:25,779 - INFO - 量化交易管理软件已启动
2025-08-01 03:45:53,910 - INFO - Scheduler has been shut down
2025-08-01 03:45:53,911 - INFO - 应用程序正常关闭
2025-08-01 03:47:22,441 - INFO - Scheduler has been shut down
2025-08-01 03:47:22,441 - INFO - 应用程序正常关闭
2025-08-01 04:07:10,891 - INFO - 数据库初始化完成
2025-08-01 04:07:10,898 - INFO - Adding job tentatively -- it will be properly scheduled when the scheduler starts
2025-08-01 04:07:10,898 - INFO - 定时任务调度器已配置
2025-08-01 04:07:11,008 - INFO - Added job "月度量化分析" to job store "default"
2025-08-01 04:07:11,008 - INFO - Scheduler started
2025-08-01 04:07:11,009 - INFO - 量化交易管理软件已启动
2025-08-01 04:07:30,350 - INFO - 执行增强版模型命令: C:\Users\erlia\python.exe 量化模型_enhanced.py --start-date 2018-01-01 --end-date 2025-08-01 --ticker-file C:\Users\erlia\AppData\Local\Temp\tmpu9fncr_1.txt
2025-08-01 04:07:41,343 - INFO - 增强版模型执行成功
2025-08-01 04:12:40,365 - INFO - 数据库初始化完成
2025-08-01 04:12:40,381 - INFO - Adding job tentatively -- it will be properly scheduled when the scheduler starts
2025-08-01 04:12:40,381 - INFO - 定时任务调度器已配置
2025-08-01 04:12:40,499 - INFO - Added job "月度量化分析" to job store "default"
2025-08-01 04:12:40,500 - INFO - Scheduler started
2025-08-01 04:12:40,500 - INFO - 量化交易管理软件已启动
2025-08-01 04:12:51,153 - INFO - 执行增强版模型命令: C:\Users\erlia\python.exe 量化模型_enhanced.py --start-date 2018-01-01 --end-date 2025-08-01 --ticker-file C:\Users\erlia\AppData\Local\Temp\tmpedmbhu91.txt
2025-08-01 04:12:58,498 - INFO - 增强版模型执行成功
2025-08-01 04:15:06,280 - INFO - 数据库初始化完成
2025-08-01 04:15:06,286 - INFO - Adding job tentatively -- it will be properly scheduled when the scheduler starts
2025-08-01 04:15:06,286 - INFO - 定时任务调度器已配置
2025-08-01 04:15:06,420 - INFO - Added job "月度量化分析" to job store "default"
2025-08-01 04:15:06,420 - INFO - Scheduler started
2025-08-01 04:15:06,421 - INFO - 量化交易管理软件已启动
2025-08-01 04:15:16,587 - INFO - 执行增强版模型命令: C:\Users\erlia\python.exe 量化模型_enhanced.py --start-date 2018-01-01 --end-date 2025-08-01 --ticker-file C:\Users\erlia\AppData\Local\Temp\tmprhrg3vl3.txt
2025-08-01 04:15:39,031 - INFO - Scheduler has been shut down
2025-08-01 04:15:39,032 - INFO - 应用程序正常关闭
2025-08-01 04:15:40,170 - INFO - Scheduler has been shut down
2025-08-01 04:15:40,170 - INFO - 应用程序正常关闭
2025-08-01 04:16:27,156 - INFO - 增强版模型执行成功
2025-08-01 04:16:27,160 - INFO - 分析结果已保存到数据库: 增强版量化模型
2025-08-01 04:24:46,192 - INFO - Scheduler has been shut down
2025-08-01 04:24:46,194 - INFO - 应用程序正常关闭
2025-08-01 04:25:41,657 - INFO - 数据库初始化完成
2025-08-01 04:25:41,662 - INFO - Adding job tentatively -- it will be properly scheduled when the scheduler starts
2025-08-01 04:25:41,662 - INFO - 定时任务调度器已配置
2025-08-01 04:25:41,844 - INFO - Added job "月度量化分析" to job store "default"
2025-08-01 04:25:41,844 - INFO - Scheduler started
2025-08-01 04:25:41,845 - INFO - 量化交易管理软件已启动
2025-08-01 04:27:10,269 - INFO - Scheduler has been shut down
2025-08-01 04:27:10,269 - INFO - 应用程序正常关闭
2025-08-01 04:36:36,791 - INFO - 数据库初始化完成
2025-08-01 04:36:36,801 - INFO - Adding job tentatively -- it will be properly scheduled when the scheduler starts
2025-08-01 04:36:36,801 - INFO - 定时任务调度器已配置
2025-08-01 04:36:36,904 - INFO - Added job "月度量化分析" to job store "default"
2025-08-01 04:36:36,904 - INFO - Scheduler started
2025-08-01 04:36:36,905 - INFO - 量化交易管理软件已启动
2025-08-01 04:46:33,847 - INFO - Scheduler has been shut down
2025-08-01 04:46:33,875 - INFO - 应用程序正常关闭
2025-08-01 04:48:52,303 - INFO - 数据库初始化完成
2025-08-01 04:48:52,307 - INFO - Adding job tentatively -- it will be properly scheduled when the scheduler starts
2025-08-01 04:48:52,308 - INFO - 定时任务调度器已配置
2025-08-01 04:48:52,404 - INFO - Added job "月度量化分析" to job store "default"
2025-08-01 04:48:52,405 - INFO - Scheduler started
2025-08-01 04:48:52,405 - INFO - 量化交易管理软件已启动
2025-08-01 04:49:11,459 - INFO - 执行量化模型命令: C:\Users\erlia\python.exe 量化模型_enhanced.py --start-date 2018-01-01 --end-date 2025-08-01 --ticker-file C:\Users\erlia\AppData\Local\Temp\tmpchlvuz3r.txt
2025-08-01 04:49:26,721 - INFO - 量化模型执行成功
2025-08-01 04:49:26,726 - INFO - 分析结果已保存到数据库: 量化分析模型
2025-08-01 04:51:22,025 - INFO - Scheduler has been shut down
2025-08-01 04:51:22,026 - INFO - 应用程序正常关闭
2025-08-01 05:07:46,623 - INFO - 数据库初始化完成
2025-08-01 05:07:46,637 - INFO - Adding job tentatively -- it will be properly scheduled when the scheduler starts
2025-08-01 05:07:46,637 - INFO - 定时任务调度器已配置
2025-08-01 05:07:46,772 - INFO - Added job "月度量化分析" to job store "default"
2025-08-01 05:07:46,772 - INFO - Scheduler started
2025-08-01 05:07:46,773 - INFO - 量化交易管理软件已启动
2025-08-01 05:09:48,993 - INFO - 数据库初始化完成
2025-08-01 05:09:48,995 - INFO - Adding job tentatively -- it will be properly scheduled when the scheduler starts
2025-08-01 05:09:48,995 - INFO - 定时任务调度器已配置
2025-08-01 05:09:49,084 - INFO - Added job "月度量化分析" to job store "default"
2025-08-01 05:09:49,085 - INFO - Scheduler started
2025-08-01 05:09:49,085 - INFO - 量化交易管理软件已启动
2025-08-01 05:10:00,049 - INFO - Scheduler has been shut down
2025-08-01 05:10:00,050 - INFO - 应用程序正常关闭
2025-08-01 05:10:01,956 - INFO - Scheduler has been shut down
2025-08-01 05:10:01,956 - INFO - 应用程序正常关闭
2025-08-01 05:11:53,166 - INFO - 数据库初始化完成
2025-08-01 05:11:53,167 - INFO - Adding job tentatively -- it will be properly scheduled when the scheduler starts
2025-08-01 05:11:53,167 - INFO - 定时任务调度器已配置
2025-08-01 05:11:53,228 - INFO - Added job "月度量化分析" to job store "default"
2025-08-01 05:11:53,228 - INFO - Scheduler started
2025-08-01 05:11:53,229 - INFO - 量化交易管理软件已启动
2025-08-01 05:11:57,584 - INFO - Scheduler has been shut down
2025-08-01 05:11:57,585 - INFO - 应用程序正常关闭
2025-08-01 05:16:10,440 - INFO - 数据库初始化完成
2025-08-01 05:16:10,450 - INFO - Adding job tentatively -- it will be properly scheduled when the scheduler starts
2025-08-01 05:16:10,450 - INFO - 定时任务调度器已配置
2025-08-01 05:16:10,546 - INFO - Added job "月度量化分析" to job store "default"
2025-08-01 05:16:10,546 - INFO - Scheduler started
2025-08-01 05:16:10,546 - INFO - 量化交易管理软件已启动
2025-08-01 05:16:15,130 - INFO - Scheduler has been shut down
2025-08-01 05:16:15,131 - INFO - 应用程序正常关闭
2025-08-01 05:17:55,013 - INFO - 数据库初始化完成
2025-08-01 05:17:55,019 - INFO - Adding job tentatively -- it will be properly scheduled when the scheduler starts
2025-08-01 05:17:55,019 - INFO - 定时任务调度器已配置
2025-08-01 05:17:55,086 - INFO - Added job "月度量化分析" to job store "default"
2025-08-01 05:17:55,087 - INFO - Scheduler started
2025-08-01 05:17:55,087 - INFO - 量化交易管理软件已启动
2025-08-01 05:28:29,644 - INFO - 数据库初始化完成
2025-08-01 05:28:29,652 - INFO - Adding job tentatively -- it will be properly scheduled when the scheduler starts
2025-08-01 05:28:29,652 - INFO - 定时任务调度器已配置
2025-08-01 05:28:29,724 - INFO - Added job "月度量化分析" to job store "default"
2025-08-01 05:28:29,724 - INFO - Scheduler started
2025-08-01 05:28:29,724 - INFO - 量化交易管理软件已启动
2025-08-01 05:28:33,008 - INFO - Scheduler has been shut down
2025-08-01 05:28:33,008 - INFO - 应用程序正常关闭
2025-08-01 05:29:55,465 - INFO - 数据库初始化完成
2025-08-01 05:29:55,489 - INFO - Adding job tentatively -- it will be properly scheduled when the scheduler starts
2025-08-01 05:29:55,489 - INFO - 定时任务调度器已配置
2025-08-01 05:29:55,590 - INFO - Added job "月度量化分析" to job store "default"
2025-08-01 05:29:55,590 - INFO - Scheduler started
2025-08-01 05:29:55,591 - INFO - 量化交易管理软件已启动
2025-08-01 05:30:07,431 - INFO - 执行量化模型命令: D:\trade\trading_env\Scripts\python.exe 量化模型_enhanced.py --start-date 2018-01-01 --end-date 2025-08-01 --ticker-file C:\Users\erlia\AppData\Local\Temp\tmp6nht6gm1.txt
2025-08-01 05:30:09,605 - ERROR - 量化模型执行失败: Traceback (most recent call last):
  File "D:\trade\量化模型_enhanced.py", line 18, in <module>
    import statsmodels.api as sm
ModuleNotFoundError: No module named 'statsmodels'

2025-08-01 05:31:29,756 - INFO - 数据库初始化完成
2025-08-01 05:31:29,761 - INFO - Adding job tentatively -- it will be properly scheduled when the scheduler starts
2025-08-01 05:31:29,761 - INFO - 定时任务调度器已配置
2025-08-01 05:31:29,833 - INFO - Added job "月度量化分析" to job store "default"
2025-08-01 05:31:29,834 - INFO - Scheduler started
2025-08-01 05:31:29,834 - INFO - 量化交易管理软件已启动
2025-08-01 05:31:37,743 - INFO - 执行量化模型命令: D:\trade\trading_env\Scripts\python.exe 量化模型_enhanced.py --start-date 2018-01-01 --end-date 2025-08-01 --ticker-file C:\Users\erlia\AppData\Local\Temp\tmpfo54v4zn.txt
2025-08-01 05:31:39,547 - ERROR - 量化模型执行失败: Traceback (most recent call last):
  File "D:\trade\量化模型_enhanced.py", line 18, in <module>
    import statsmodels.api as sm
ModuleNotFoundError: No module named 'statsmodels'

2025-08-01 05:32:52,882 - INFO - 数据库初始化完成
2025-08-01 05:32:52,887 - INFO - Adding job tentatively -- it will be properly scheduled when the scheduler starts
2025-08-01 05:32:52,887 - INFO - 定时任务调度器已配置
2025-08-01 05:32:52,957 - INFO - Added job "月度量化分析" to job store "default"
2025-08-01 05:32:52,957 - INFO - Scheduler started
2025-08-01 05:32:52,957 - INFO - 量化交易管理软件已启动
2025-08-01 05:33:01,271 - INFO - 执行量化模型命令: D:\trade\trading_env\Scripts\python.exe 量化模型_enhanced.py --start-date 2018-01-01 --end-date 2025-08-01 --ticker-file C:\Users\erlia\AppData\Local\Temp\tmpi41nni2b.txt
2025-08-01 05:33:15,197 - INFO - 量化模型执行成功
2025-08-01 05:33:15,201 - INFO - 分析结果已保存到数据库: 量化分析模型
2025-08-01 05:33:41,086 - INFO - Scheduler has been shut down
2025-08-01 05:33:41,086 - INFO - 应用程序正常关闭
2025-08-01 05:34:53,547 - INFO - Scheduler has been shut down
2025-08-01 05:34:53,547 - INFO - 应用程序正常关闭
2025-08-01 05:37:47,295 - INFO - 数据库初始化完成
2025-08-01 05:37:47,301 - INFO - Adding job tentatively -- it will be properly scheduled when the scheduler starts
2025-08-01 05:37:47,301 - INFO - 定时任务调度器已配置
2025-08-01 05:37:47,420 - INFO - Added job "月度量化分析" to job store "default"
2025-08-01 05:37:47,420 - INFO - Scheduler started
2025-08-01 05:37:47,421 - INFO - 量化交易管理软件已启动
2025-08-01 05:45:28,049 - INFO - 数据库初始化完成
2025-08-01 05:45:28,055 - INFO - Adding job tentatively -- it will be properly scheduled when the scheduler starts
2025-08-01 05:45:28,055 - INFO - 定时任务调度器已配置
2025-08-01 05:45:28,121 - INFO - Added job "月度量化分析" to job store "default"
2025-08-01 05:45:28,122 - INFO - Scheduler started
2025-08-01 05:45:28,122 - INFO - 量化交易管理软件已启动
2025-08-01 05:46:17,744 - INFO - 执行量化模型命令: D:\trade\trading_env\Scripts\python.exe 量化模型_enhanced.py --start-date 2019-01-01 --end-date 2023-08-01 --ticker-file C:\Users\erlia\AppData\Local\Temp\tmpp3chnjqf.txt
2025-08-01 05:47:08,329 - INFO - 量化模型执行成功
2025-08-01 05:47:08,335 - INFO - 分析结果已保存到数据库: 量化分析模型
2025-08-01 05:48:32,627 - INFO - 数据库初始化完成
2025-08-01 05:48:32,632 - INFO - Adding job tentatively -- it will be properly scheduled when the scheduler starts
2025-08-01 05:48:32,632 - INFO - 定时任务调度器已配置
2025-08-01 05:48:32,701 - INFO - Added job "月度量化分析" to job store "default"
2025-08-01 05:48:32,701 - INFO - Scheduler started
2025-08-01 05:48:32,701 - INFO - 量化交易管理软件已启动
2025-08-01 05:48:45,954 - INFO - 执行量化模型命令: D:\trade\trading_env\Scripts\python.exe 量化模型_enhanced.py --start-date 2018-01-01 --end-date 2025-08-01 --ticker-file C:\Users\erlia\AppData\Local\Temp\tmppayuql5n.txt
2025-08-01 05:49:09,769 - INFO - 量化模型执行成功
2025-08-01 05:49:09,775 - INFO - 分析结果已保存到数据库: 量化分析模型
